Replace Part J1 CON_1X2_Terminal Block in C:\Users\ogzhn\Desktop\TUSAÞ Staj\TUSAÞ Hardware Design Department\3 Channel Buck Converter\Design Files\3 Channel Buck Converter\3 Channel Buck Converter Schematic.SchDoc with CON_1X2_Terminal Block from Main Schematic Library.SchLib
Replace Part J2 CON_1X2_Terminal Block in C:\Users\ogzhn\Desktop\TUSAÞ Staj\TUSAÞ Hardware Design Department\3 Channel Buck Converter\Design Files\3 Channel Buck Converter\3 Channel Buck Converter Schematic.SchDoc with CON_1X2_Terminal Block from Main Schematic Library.SchLib
Replace Part J3 CON_1X2_Terminal Block in C:\Users\ogzhn\Desktop\TUSAÞ Staj\TUSAÞ Hardware Design Department\3 Channel Buck Converter\Design Files\3 Channel Buck Converter\3 Channel Buck Converter Schematic.SchDoc with CON_1X2_Terminal Block from Main Schematic Library.SchLib
Replace Part J4 CON_1X2_Terminal Block in C:\Users\ogzhn\Desktop\TUSAÞ Staj\TUSAÞ Hardware Design Department\3 Channel Buck Converter\Design Files\3 Channel Buck Converter\3 Channel Buck Converter Schematic.SchDoc with CON_1X2_Terminal Block from Main Schematic Library.SchLib
Replace Part J5 CON_1X3_2.54mm_Male Header in C:\Users\ogzhn\Desktop\TUSAÞ Staj\TUSAÞ Hardware Design Department\3 Channel Buck Converter\Design Files\3 Channel Buck Converter\3 Channel Buck Converter Schematic.SchDoc with CON_1X3_2.54mm_Male Header from Main Schematic Library.SchLib
Replace Part J6 CON_1X3_2.54mm_Male Header in C:\Users\ogzhn\Desktop\TUSAÞ Staj\TUSAÞ Hardware Design Department\3 Channel Buck Converter\Design Files\3 Channel Buck Converter\3 Channel Buck Converter Schematic.SchDoc with CON_1X3_2.54mm_Male Header from Main Schematic Library.SchLib
Replace Part J7 CON_1X3_2.54mm_Male Header in C:\Users\ogzhn\Desktop\TUSAÞ Staj\TUSAÞ Hardware Design Department\3 Channel Buck Converter\Design Files\3 Channel Buck Converter\3 Channel Buck Converter Schematic.SchDoc with CON_1X3_2.54mm_Male Header from Main Schematic Library.SchLib
Replace Part J8 CON_1X3_2.54mm_Male Header in C:\Users\ogzhn\Desktop\TUSAÞ Staj\TUSAÞ Hardware Design Department\3 Channel Buck Converter\Design Files\3 Channel Buck Converter\3 Channel Buck Converter Schematic.SchDoc with CON_1X3_2.54mm_Male Header from Main Schematic Library.SchLib
Replace Part L1 IND_10uH_5A_26.5 mOHM_SMD in C:\Users\ogzhn\Desktop\TUSAÞ Staj\TUSAÞ Hardware Design Department\3 Channel Buck Converter\Design Files\3 Channel Buck Converter\3 Channel Buck Converter Schematic.SchDoc with IND_10uH_5A_26.5 mOHM_SMD from Main Schematic Library.SchLib
Replace Part L2 IND_22uH_3.2A_40 mOHM_SMD in C:\Users\ogzhn\Desktop\TUSAÞ Staj\TUSAÞ Hardware Design Department\3 Channel Buck Converter\Design Files\3 Channel Buck Converter\3 Channel Buck Converter Schematic.SchDoc with IND_22uH_3.2A_40 mOHM_SMD from Main Schematic Library.SchLib
Replace Part L3 IND_15uH_4.6A_36 mOHM_SMD in C:\Users\ogzhn\Desktop\TUSAÞ Staj\TUSAÞ Hardware Design Department\3 Channel Buck Converter\Design Files\3 Channel Buck Converter\3 Channel Buck Converter Schematic.SchDoc with IND_15uH_4.6A_36 mOHM_SMD from Main Schematic Library.SchLib
Replace Part R1 RES_0 OHM_JUMPER_0603_1/10W in C:\Users\ogzhn\Desktop\TUSAÞ Staj\TUSAÞ Hardware Design Department\3 Channel Buck Converter\Design Files\3 Channel Buck Converter\3 Channel Buck Converter Schematic.SchDoc with RES_0 OHM_JUMPER_0603_1/10W from Main Schematic Library.SchLib
Replace Part R2 RES_4.99K OHM_1%_0603_1/10W in C:\Users\ogzhn\Desktop\TUSAÞ Staj\TUSAÞ Hardware Design Department\3 Channel Buck Converter\Design Files\3 Channel Buck Converter\3 Channel Buck Converter Schematic.SchDoc with RES_4.99K OHM_1%_0603_1/10W from Main Schematic Library.SchLib
Replace Part R3 RES_36.5K OHM_1%_0603_1/10W in C:\Users\ogzhn\Desktop\TUSAÞ Staj\TUSAÞ Hardware Design Department\3 Channel Buck Converter\Design Files\3 Channel Buck Converter\3 Channel Buck Converter Schematic.SchDoc with RES_36.5K OHM_1%_0603_1/10W from Main Schematic Library.SchLib
Replace Part R4 RES_0 OHM_JUMPER_0603_1/10W in C:\Users\ogzhn\Desktop\TUSAÞ Staj\TUSAÞ Hardware Design Department\3 Channel Buck Converter\Design Files\3 Channel Buck Converter\3 Channel Buck Converter Schematic.SchDoc with RES_0 OHM_JUMPER_0603_1/10W from Main Schematic Library.SchLib
Replace Part R5 RES_24.9K OHM_1%_0603_1/10W in C:\Users\ogzhn\Desktop\TUSAÞ Staj\TUSAÞ Hardware Design Department\3 Channel Buck Converter\Design Files\3 Channel Buck Converter\3 Channel Buck Converter Schematic.SchDoc with RES_24.9K OHM_1%_0603_1/10W from Main Schematic Library.SchLib
Replace Part R6 RES_4.99K OHM_1%_0603_1/10W in C:\Users\ogzhn\Desktop\TUSAÞ Staj\TUSAÞ Hardware Design Department\3 Channel Buck Converter\Design Files\3 Channel Buck Converter\3 Channel Buck Converter Schematic.SchDoc with RES_4.99K OHM_1%_0603_1/10W from Main Schematic Library.SchLib
Replace Part R7 RES_22.6K OHM_1%_0603_1/10W in C:\Users\ogzhn\Desktop\TUSAÞ Staj\TUSAÞ Hardware Design Department\3 Channel Buck Converter\Design Files\3 Channel Buck Converter\3 Channel Buck Converter Schematic.SchDoc with RES_22.6K OHM_1%_0603_1/10W from Main Schematic Library.SchLib
Replace Part R8 RES_0 OHM_JUMPER_0603_1/10W in C:\Users\ogzhn\Desktop\TUSAÞ Staj\TUSAÞ Hardware Design Department\3 Channel Buck Converter\Design Files\3 Channel Buck Converter\3 Channel Buck Converter Schematic.SchDoc with RES_0 OHM_JUMPER_0603_1/10W from Main Schematic Library.SchLib
Replace Part R9 RES_0 OHM_JUMPER_0603_1/10W in C:\Users\ogzhn\Desktop\TUSAÞ Staj\TUSAÞ Hardware Design Department\3 Channel Buck Converter\Design Files\3 Channel Buck Converter\3 Channel Buck Converter Schematic.SchDoc with RES_0 OHM_JUMPER_0603_1/10W from Main Schematic Library.SchLib
Replace Part R10 RES_15.4K OHM_1%_0603_1/10W in C:\Users\ogzhn\Desktop\TUSAÞ Staj\TUSAÞ Hardware Design Department\3 Channel Buck Converter\Design Files\3 Channel Buck Converter\3 Channel Buck Converter Schematic.SchDoc with RES_15.4K OHM_1%_0603_1/10W from Main Schematic Library.SchLib
Replace Part R11 RES_0 OHM_JUMPER_0603_1/10W in C:\Users\ogzhn\Desktop\TUSAÞ Staj\TUSAÞ Hardware Design Department\3 Channel Buck Converter\Design Files\3 Channel Buck Converter\3 Channel Buck Converter Schematic.SchDoc with RES_0 OHM_JUMPER_0603_1/10W from Main Schematic Library.SchLib
Replace Part R12 RES_84.5K OHM_1%_0603_1/10W in C:\Users\ogzhn\Desktop\TUSAÞ Staj\TUSAÞ Hardware Design Department\3 Channel Buck Converter\Design Files\3 Channel Buck Converter\3 Channel Buck Converter Schematic.SchDoc with RES_84.5K OHM_1%_0603_1/10W from Main Schematic Library.SchLib
Replace Part R13 RES_10K OHM_1%_0603_1/10W in C:\Users\ogzhn\Desktop\TUSAÞ Staj\TUSAÞ Hardware Design Department\3 Channel Buck Converter\Design Files\3 Channel Buck Converter\3 Channel Buck Converter Schematic.SchDoc with RES_10K OHM_1%_0603_1/10W from Main Schematic Library.SchLib
Replace Part R14 RES_20K OHM _1%_0603_1/10W in C:\Users\ogzhn\Desktop\TUSAÞ Staj\TUSAÞ Hardware Design Department\3 Channel Buck Converter\Design Files\3 Channel Buck Converter\3 Channel Buck Converter Schematic.SchDoc with RES_20K OHM _1%_0603_1/10W from Main Schematic Library.SchLib
Replace Part R15 RES_0 OHM_JUMPER_0603_1/10W in C:\Users\ogzhn\Desktop\TUSAÞ Staj\TUSAÞ Hardware Design Department\3 Channel Buck Converter\Design Files\3 Channel Buck Converter\3 Channel Buck Converter Schematic.SchDoc with RES_0 OHM_JUMPER_0603_1/10W from Main Schematic Library.SchLib
Replace Part R16 RES_0 OHM_JUMPER_0603_1/10W in C:\Users\ogzhn\Desktop\TUSAÞ Staj\TUSAÞ Hardware Design Department\3 Channel Buck Converter\Design Files\3 Channel Buck Converter\3 Channel Buck Converter Schematic.SchDoc with RES_0 OHM_JUMPER_0603_1/10W from Main Schematic Library.SchLib
Replace Part R17 RES_15.4K OHM_1%_0603_1/10W in C:\Users\ogzhn\Desktop\TUSAÞ Staj\TUSAÞ Hardware Design Department\3 Channel Buck Converter\Design Files\3 Channel Buck Converter\3 Channel Buck Converter Schematic.SchDoc with RES_15.4K OHM_1%_0603_1/10W from Main Schematic Library.SchLib
Replace Part R18 RES_100K OHM_5%_0603_1/10W in C:\Users\ogzhn\Desktop\TUSAÞ Staj\TUSAÞ Hardware Design Department\3 Channel Buck Converter\Design Files\3 Channel Buck Converter\3 Channel Buck Converter Schematic.SchDoc with RES_100K OHM_5%_0603_1/10W from Main Schematic Library.SchLib
Replace Part R19 RES_100K OHM_5%_0603_1/10W in C:\Users\ogzhn\Desktop\TUSAÞ Staj\TUSAÞ Hardware Design Department\3 Channel Buck Converter\Design Files\3 Channel Buck Converter\3 Channel Buck Converter Schematic.SchDoc with RES_100K OHM_5%_0603_1/10W from Main Schematic Library.SchLib
Replace Part R20 RES_100K OHM_5%_0603_1/10W in C:\Users\ogzhn\Desktop\TUSAÞ Staj\TUSAÞ Hardware Design Department\3 Channel Buck Converter\Design Files\3 Channel Buck Converter\3 Channel Buck Converter Schematic.SchDoc with RES_100K OHM_5%_0603_1/10W from Main Schematic Library.SchLib
Replace Part R21 RES_0 OHM_JUMPER_0603_1/10W in C:\Users\ogzhn\Desktop\TUSAÞ Staj\TUSAÞ Hardware Design Department\3 Channel Buck Converter\Design Files\3 Channel Buck Converter\3 Channel Buck Converter Schematic.SchDoc with RES_0 OHM_JUMPER_0603_1/10W from Main Schematic Library.SchLib
Replace Part R22 RES_33K OHM_5%_0603_1/10W in C:\Users\ogzhn\Desktop\TUSAÞ Staj\TUSAÞ Hardware Design Department\3 Channel Buck Converter\Design Files\3 Channel Buck Converter\3 Channel Buck Converter Schematic.SchDoc with RES_33K OHM_5%_0603_1/10W from Main Schematic Library.SchLib
Replace Part R23 RES_33K OHM_5%_0603_1/10W in C:\Users\ogzhn\Desktop\TUSAÞ Staj\TUSAÞ Hardware Design Department\3 Channel Buck Converter\Design Files\3 Channel Buck Converter\3 Channel Buck Converter Schematic.SchDoc with RES_33K OHM_5%_0603_1/10W from Main Schematic Library.SchLib
Replace Part R24 RES_33K OHM_5%_0603_1/10W in C:\Users\ogzhn\Desktop\TUSAÞ Staj\TUSAÞ Hardware Design Department\3 Channel Buck Converter\Design Files\3 Channel Buck Converter\3 Channel Buck Converter Schematic.SchDoc with RES_33K OHM_5%_0603_1/10W from Main Schematic Library.SchLib
Replace Part U1 CAP_150pF_%1_0603_50V_NP0_CER in C:\Users\ogzhn\Desktop\TUSAÞ Staj\TUSAÞ Hardware Design Department\3 Channel Buck Converter\Design Files\3 Channel Buck Converter\3 Channel Buck Converter Schematic.SchDoc with CAP_150pF_%1_0603_50V_NP0_CER from Main Schematic Library.SchLib
Replace Part U2 CAP_0.47uF_%10_0603_25V_X7R_CER in C:\Users\ogzhn\Desktop\TUSAÞ Staj\TUSAÞ Hardware Design Department\3 Channel Buck Converter\Design Files\3 Channel Buck Converter\3 Channel Buck Converter Schematic.SchDoc with CAP_0.47uF_%10_0603_25V_X7R_CER from Main Schematic Library.SchLib
Replace Part U3 PMIC_TPS65265 in C:\Users\ogzhn\Desktop\TUSAÞ Staj\TUSAÞ Hardware Design Department\3 Channel Buck Converter\Design Files\3 Channel Buck Converter\3 Channel Buck Converter Schematic.SchDoc with PMIC_TPS65265 from Main Schematic Library.SchLib
Replace Part U4 CAP_22uF_20%_Radial - Can - SMD_25V_ALUM POLY in C:\Users\ogzhn\Desktop\TUSAÞ Staj\TUSAÞ Hardware Design Department\3 Channel Buck Converter\Design Files\3 Channel Buck Converter\3 Channel Buck Converter Schematic.SchDoc with CAP_22uF_20%_Radial - Can - SMD_25V_ALUM POLY from Main Schematic Library.SchLib
Replace Part U5 CAP_22uF_20%_Radial - Can - SMD_25V_ALUM POLY in C:\Users\ogzhn\Desktop\TUSAÞ Staj\TUSAÞ Hardware Design Department\3 Channel Buck Converter\Design Files\3 Channel Buck Converter\3 Channel Buck Converter Schematic.SchDoc with CAP_22uF_20%_Radial - Can - SMD_25V_ALUM POLY from Main Schematic Library.SchLib
Replace Part U6 CAP_1uF_%10_0603_25V_X7R_CER in C:\Users\ogzhn\Desktop\TUSAÞ Staj\TUSAÞ Hardware Design Department\3 Channel Buck Converter\Design Files\3 Channel Buck Converter\3 Channel Buck Converter Schematic.SchDoc with CAP_1uF_%10_0603_25V_X7R_CER from Main Schematic Library.SchLib
Replace Part U7 CAP_1uF_%10_0603_25V_X7R_CER in C:\Users\ogzhn\Desktop\TUSAÞ Staj\TUSAÞ Hardware Design Department\3 Channel Buck Converter\Design Files\3 Channel Buck Converter\3 Channel Buck Converter Schematic.SchDoc with CAP_1uF_%10_0603_25V_X7R_CER from Main Schematic Library.SchLib
Replace Part U8 CAP_3300pF_0603_50V_X7R_CER in C:\Users\ogzhn\Desktop\TUSAÞ Staj\TUSAÞ Hardware Design Department\3 Channel Buck Converter\Design Files\3 Channel Buck Converter\3 Channel Buck Converter Schematic.SchDoc with CAP_3300pF_0603_50V_X7R_CER from Main Schematic Library.SchLib
Replace Part U9 CAP_22uF_%10_1206_25V_X5R_CER in C:\Users\ogzhn\Desktop\TUSAÞ Staj\TUSAÞ Hardware Design Department\3 Channel Buck Converter\Design Files\3 Channel Buck Converter\3 Channel Buck Converter Schematic.SchDoc with CAP_22uF_%10_1206_25V_X5R_CER from Main Schematic Library.SchLib
Replace Part U10 CAP_22uF_%10_1206_25V_X5R_CER in C:\Users\ogzhn\Desktop\TUSAÞ Staj\TUSAÞ Hardware Design Department\3 Channel Buck Converter\Design Files\3 Channel Buck Converter\3 Channel Buck Converter Schematic.SchDoc with CAP_22uF_%10_1206_25V_X5R_CER from Main Schematic Library.SchLib
Replace Part U11 CAP_22uF_%10_1206_25V_X5R_CER in C:\Users\ogzhn\Desktop\TUSAÞ Staj\TUSAÞ Hardware Design Department\3 Channel Buck Converter\Design Files\3 Channel Buck Converter\3 Channel Buck Converter Schematic.SchDoc with CAP_22uF_%10_1206_25V_X5R_CER from Main Schematic Library.SchLib
Replace Part U12 CAP_22uF_%10_1206_25V_X5R_CER in C:\Users\ogzhn\Desktop\TUSAÞ Staj\TUSAÞ Hardware Design Department\3 Channel Buck Converter\Design Files\3 Channel Buck Converter\3 Channel Buck Converter Schematic.SchDoc with CAP_22uF_%10_1206_25V_X5R_CER from Main Schematic Library.SchLib
Replace Part U13 CAP_3.3pF_±0.1pF_0603_50V_NP0_CER in C:\Users\ogzhn\Desktop\TUSAÞ Staj\TUSAÞ Hardware Design Department\3 Channel Buck Converter\Design Files\3 Channel Buck Converter\3 Channel Buck Converter Schematic.SchDoc with CAP_3.3pF_±0.1pF_0603_50V_NP0_CER from Main Schematic Library.SchLib
Replace Part U14 CAP_150pF_%1_0603_50V_NP0_CER in C:\Users\ogzhn\Desktop\TUSAÞ Staj\TUSAÞ Hardware Design Department\3 Channel Buck Converter\Design Files\3 Channel Buck Converter\3 Channel Buck Converter Schematic.SchDoc with CAP_150pF_%1_0603_50V_NP0_CER from Main Schematic Library.SchLib
Replace Part U15 CAP_0.47uF_%10_0603_25V_X7R_CER in C:\Users\ogzhn\Desktop\TUSAÞ Staj\TUSAÞ Hardware Design Department\3 Channel Buck Converter\Design Files\3 Channel Buck Converter\3 Channel Buck Converter Schematic.SchDoc with CAP_0.47uF_%10_0603_25V_X7R_CER from Main Schematic Library.SchLib
Replace Part U16 CAP_9100pF_%5_0603_50V_U2J_CER in C:\Users\ogzhn\Desktop\TUSAÞ Staj\TUSAÞ Hardware Design Department\3 Channel Buck Converter\Design Files\3 Channel Buck Converter\3 Channel Buck Converter Schematic.SchDoc with CAP_9100pF_%5_0603_50V_U2J_CER from Main Schematic Library.SchLib
Replace Part U17 CAP_22uF_%10_1206_25V_X5R_CER in C:\Users\ogzhn\Desktop\TUSAÞ Staj\TUSAÞ Hardware Design Department\3 Channel Buck Converter\Design Files\3 Channel Buck Converter\3 Channel Buck Converter Schematic.SchDoc with CAP_22uF_%10_1206_25V_X5R_CER from Main Schematic Library.SchLib
Replace Part U18 CAP_22uF_%10_1206_25V_X5R_CER in C:\Users\ogzhn\Desktop\TUSAÞ Staj\TUSAÞ Hardware Design Department\3 Channel Buck Converter\Design Files\3 Channel Buck Converter\3 Channel Buck Converter Schematic.SchDoc with CAP_22uF_%10_1206_25V_X5R_CER from Main Schematic Library.SchLib
Replace Part U19 CAP_22uF_%10_1206_25V_X5R_CER in C:\Users\ogzhn\Desktop\TUSAÞ Staj\TUSAÞ Hardware Design Department\3 Channel Buck Converter\Design Files\3 Channel Buck Converter\3 Channel Buck Converter Schematic.SchDoc with CAP_22uF_%10_1206_25V_X5R_CER from Main Schematic Library.SchLib
Replace Part U20 CAP_6.8pF_±0.5p_0603_50V_C0G/NP0_CER in C:\Users\ogzhn\Desktop\TUSAÞ Staj\TUSAÞ Hardware Design Department\3 Channel Buck Converter\Design Files\3 Channel Buck Converter\3 Channel Buck Converter Schematic.SchDoc with CAP_6.8pF_±0.5p_0603_50V_C0G/NP0_CER from Main Schematic Library.SchLib
Replace Part U21 CAP_150pF_%1_0603_50V_NP0_CER in C:\Users\ogzhn\Desktop\TUSAÞ Staj\TUSAÞ Hardware Design Department\3 Channel Buck Converter\Design Files\3 Channel Buck Converter\3 Channel Buck Converter Schematic.SchDoc with CAP_150pF_%1_0603_50V_NP0_CER from Main Schematic Library.SchLib
Replace Part U22 CAP_1uF_%10_0603_25V_X7R_CER in C:\Users\ogzhn\Desktop\TUSAÞ Staj\TUSAÞ Hardware Design Department\3 Channel Buck Converter\Design Files\3 Channel Buck Converter\3 Channel Buck Converter Schematic.SchDoc with CAP_1uF_%10_0603_25V_X7R_CER from Main Schematic Library.SchLib
Replace Part U23 CAP_10nF_%20_0603_50V_X7R_CER in C:\Users\ogzhn\Desktop\TUSAÞ Staj\TUSAÞ Hardware Design Department\3 Channel Buck Converter\Design Files\3 Channel Buck Converter\3 Channel Buck Converter Schematic.SchDoc with CAP_10nF_%20_0603_50V_X7R_CER from Main Schematic Library.SchLib
Replace Part U24 CAP_10nF_%20_0603_50V_X7R_CER in C:\Users\ogzhn\Desktop\TUSAÞ Staj\TUSAÞ Hardware Design Department\3 Channel Buck Converter\Design Files\3 Channel Buck Converter\3 Channel Buck Converter Schematic.SchDoc with CAP_10nF_%20_0603_50V_X7R_CER from Main Schematic Library.SchLib
Replace Part U25 CAP_0.47uF_%10_0603_25V_X7R_CER in C:\Users\ogzhn\Desktop\TUSAÞ Staj\TUSAÞ Hardware Design Department\3 Channel Buck Converter\Design Files\3 Channel Buck Converter\3 Channel Buck Converter Schematic.SchDoc with CAP_0.47uF_%10_0603_25V_X7R_CER from Main Schematic Library.SchLib
Replace Part U26 CAP_9100pF_%5_0603_50V_U2J_CER in C:\Users\ogzhn\Desktop\TUSAÞ Staj\TUSAÞ Hardware Design Department\3 Channel Buck Converter\Design Files\3 Channel Buck Converter\3 Channel Buck Converter Schematic.SchDoc with CAP_9100pF_%5_0603_50V_U2J_CER from Main Schematic Library.SchLib
Replace Part U27 CAP_22uF_%10_1206_25V_X5R_CER in C:\Users\ogzhn\Desktop\TUSAÞ Staj\TUSAÞ Hardware Design Department\3 Channel Buck Converter\Design Files\3 Channel Buck Converter\3 Channel Buck Converter Schematic.SchDoc with CAP_22uF_%10_1206_25V_X5R_CER from Main Schematic Library.SchLib
Replace Part U28 CAP_22uF_%10_1206_25V_X5R_CER in C:\Users\ogzhn\Desktop\TUSAÞ Staj\TUSAÞ Hardware Design Department\3 Channel Buck Converter\Design Files\3 Channel Buck Converter\3 Channel Buck Converter Schematic.SchDoc with CAP_22uF_%10_1206_25V_X5R_CER from Main Schematic Library.SchLib
Replace Part U29 CAP_22uF_%10_1206_25V_X5R_CER in C:\Users\ogzhn\Desktop\TUSAÞ Staj\TUSAÞ Hardware Design Department\3 Channel Buck Converter\Design Files\3 Channel Buck Converter\3 Channel Buck Converter Schematic.SchDoc with CAP_22uF_%10_1206_25V_X5R_CER from Main Schematic Library.SchLib
Replace Part U30 CAP_6.8pF_±0.5p_0603_50V_C0G/NP0_CER in C:\Users\ogzhn\Desktop\TUSAÞ Staj\TUSAÞ Hardware Design Department\3 Channel Buck Converter\Design Files\3 Channel Buck Converter\3 Channel Buck Converter Schematic.SchDoc with CAP_6.8pF_±0.5p_0603_50V_C0G/NP0_CER from Main Schematic Library.SchLib
