Change Component Designator: OldDesignator=U1 NewDesignator=C1
Change Component Designator: OldDesignator=U2 NewDesignator=C2
Change Component Designator: OldDesignator=U3 NewDesignator=U1
Change Component Designator: OldDesignator=U4 NewDesignator=C3
Change Component Designator: OldDesignator=U5 NewDesignator=C4
Change Component Designator: OldDesignator=U6 NewDesignator=C5
Change Component Designator: OldDesignator=U7 NewDesignator=C6
Change Component Designator: OldDesignator=U8 NewDesignator=C7
Change Component Designator: OldDesignator=U9 NewDesignator=C8
Change Component Designator: OldDesignator=U10 NewDesignator=C9
Change Component Designator: OldDesignator=U11 NewDesignator=C10
Change Component Designator: OldDesignator=U12 NewDesignator=C11
Change Component Designator: OldDesignator=U13 NewDesignator=C12
Change Component Designator: OldDesignator=U14 NewDesignator=C13
Change Component Designator: OldDesignator=U15 NewDesignator=C14
Change Component Designator: OldDesignator=U16 NewDesignator=C15
Change Component Designator: OldDesignator=U17 NewDesignator=C16
Change Component Designator: OldDesignator=U18 NewDesignator=C17
Change Component Designator: OldDesignator=U19 NewDesignator=C18
Change Component Designator: OldDesignator=U20 NewDesignator=C19
Change Component Designator: OldDesignator=U21 NewDesignator=C20
Change Component Designator: OldDesignator=U22 NewDesignator=C21
Change Component Designator: OldDesignator=U23 NewDesignator=C22
Change Component Designator: OldDesignator=U24 NewDesignator=C23
Change Component Designator: OldDesignator=U25 NewDesignator=C24
Change Component Designator: OldDesignator=U26 NewDesignator=C25
Change Component Designator: OldDesignator=U27 NewDesignator=C26
Change Component Designator: OldDesignator=U28 NewDesignator=C27
Change Component Designator: OldDesignator=U29 NewDesignator=C28
Change Component Designator: OldDesignator=U30 NewDesignator=C29
Change Net Name : Old Net Name=NetJ2_2 New Net Name=NetC8_2
Change Net Name : Old Net Name=NetJ3_2 New Net Name=NetC16_2
Change Net Name : Old Net Name=NetJ4_2 New Net Name=NetC26_2
Change Net Name : Old Net Name=NetR1_1 New Net Name=NetC2_1
Change Net Name : Old Net Name=NetR3_2 New Net Name=NetC1_2
Change Net Name : Old Net Name=NetR4_2 New Net Name=NetC11_2
Change Net Name : Old Net Name=NetR5_2 New Net Name=NetC7_1
Change Net Name : Old Net Name=NetR7_2 New Net Name=NetC13_2
Change Net Name : Old Net Name=NetR8_1 New Net Name=NetC14_1
Change Net Name : Old Net Name=NetR10_2 New Net Name=NetC15_1
Change Net Name : Old Net Name=NetR14_2 New Net Name=NetC20_2
Change Net Name : Old Net Name=NetR15_1 New Net Name=NetC24_1
Change Net Name : Old Net Name=NetR17_2 New Net Name=NetC25_1
Added Room: Name=3 Channel Buck Converter Schematic
