Replace Part L? IND_10uH_5A_26.5 mOHM_SMD in C:\Users\ogzhn\Desktop\TUSAÞ Staj\TUSAÞ Hardware Design Department\3 Channel Buck Converter\Design Files\3 Channel Buck Converter\3 Channel Buck Converter Schematic.SchDoc with IND_10uH_5A_26.5 mOHM_SMD from Main Schematic Library.SchLib
Replace Part L? IND_22uH_3.2A_40 mOHM_SMD in C:\Users\ogzhn\Desktop\TUSAÞ Staj\TUSAÞ Hardware Design Department\3 Channel Buck Converter\Design Files\3 Channel Buck Converter\3 Channel Buck Converter Schematic.SchDoc with IND_22uH_3.2A_40 mOHM_SMD from Main Schematic Library.SchLib
Replace Part L? IND_15uH_4.6A_36 mOHM_SMD in C:\Users\ogzhn\Desktop\TUSAÞ Staj\TUSAÞ Hardware Design Department\3 Channel Buck Converter\Design Files\3 Channel Buck Converter\3 Channel Buck Converter Schematic.SchDoc with IND_15uH_4.6A_36 mOHM_SMD from Main Schematic Library.SchLib
Replace Part R? RES_0 OHM_JUMPER_0603_1/10W in C:\Users\ogzhn\Desktop\TUSAÞ Staj\TUSAÞ Hardware Design Department\3 Channel Buck Converter\Design Files\3 Channel Buck Converter\3 Channel Buck Converter Schematic.SchDoc with RES_0 OHM_JUMPER_0603_1/10W from Main Schematic Library.SchLib
Replace Part R? RES_0 OHM_JUMPER_0603_1/10W in C:\Users\ogzhn\Desktop\TUSAÞ Staj\TUSAÞ Hardware Design Department\3 Channel Buck Converter\Design Files\3 Channel Buck Converter\3 Channel Buck Converter Schematic.SchDoc with RES_0 OHM_JUMPER_0603_1/10W from Main Schematic Library.SchLib
Replace Part R? RES_0 OHM_JUMPER_0603_1/10W in C:\Users\ogzhn\Desktop\TUSAÞ Staj\TUSAÞ Hardware Design Department\3 Channel Buck Converter\Design Files\3 Channel Buck Converter\3 Channel Buck Converter Schematic.SchDoc with RES_0 OHM_JUMPER_0603_1/10W from Main Schematic Library.SchLib
Replace Part R? RES_84.5K OHM_1%_0603_1/10W in C:\Users\ogzhn\Desktop\TUSAÞ Staj\TUSAÞ Hardware Design Department\3 Channel Buck Converter\Design Files\3 Channel Buck Converter\3 Channel Buck Converter Schematic.SchDoc with RES_84.5K OHM_1%_0603_1/10W from Main Schematic Library.SchLib
Replace Part R? RES_24.9K OHM_1%_0603_1/10W in C:\Users\ogzhn\Desktop\TUSAÞ Staj\TUSAÞ Hardware Design Department\3 Channel Buck Converter\Design Files\3 Channel Buck Converter\3 Channel Buck Converter Schematic.SchDoc with RES_24.9K OHM_1%_0603_1/10W from Main Schematic Library.SchLib
Replace Part R? RES_0 OHM_JUMPER_0603_1/10W in C:\Users\ogzhn\Desktop\TUSAÞ Staj\TUSAÞ Hardware Design Department\3 Channel Buck Converter\Design Files\3 Channel Buck Converter\3 Channel Buck Converter Schematic.SchDoc with RES_0 OHM_JUMPER_0603_1/10W from Main Schematic Library.SchLib
Replace Part R? RES_36.5K OHM_1%_0603_1/10W in C:\Users\ogzhn\Desktop\TUSAÞ Staj\TUSAÞ Hardware Design Department\3 Channel Buck Converter\Design Files\3 Channel Buck Converter\3 Channel Buck Converter Schematic.SchDoc with RES_36.5K OHM_1%_0603_1/10W from Main Schematic Library.SchLib
Replace Part R? RES_4.99K OHM_1%_0603_1/10W in C:\Users\ogzhn\Desktop\TUSAÞ Staj\TUSAÞ Hardware Design Department\3 Channel Buck Converter\Design Files\3 Channel Buck Converter\3 Channel Buck Converter Schematic.SchDoc with RES_4.99K OHM_1%_0603_1/10W from Main Schematic Library.SchLib
Replace Part U? CAP_1uF_%10_0603_25V_X7R_CER in C:\Users\ogzhn\Desktop\TUSAÞ Staj\TUSAÞ Hardware Design Department\3 Channel Buck Converter\Design Files\3 Channel Buck Converter\3 Channel Buck Converter Schematic.SchDoc with CAP_1uF_%10_0603_25V_X7R_CER from Main Schematic Library.SchLib
Replace Part U? CAP_1uF_%10_0603_25V_X7R_CER in C:\Users\ogzhn\Desktop\TUSAÞ Staj\TUSAÞ Hardware Design Department\3 Channel Buck Converter\Design Files\3 Channel Buck Converter\3 Channel Buck Converter Schematic.SchDoc with CAP_1uF_%10_0603_25V_X7R_CER from Main Schematic Library.SchLib
Replace Part U? CAP_10nF_%20_0603_50V_X7R_CER in C:\Users\ogzhn\Desktop\TUSAÞ Staj\TUSAÞ Hardware Design Department\3 Channel Buck Converter\Design Files\3 Channel Buck Converter\3 Channel Buck Converter Schematic.SchDoc with CAP_10nF_%20_0603_50V_X7R_CER from Main Schematic Library.SchLib
Replace Part U? CAP_10nF_%20_0603_50V_X7R_CER in C:\Users\ogzhn\Desktop\TUSAÞ Staj\TUSAÞ Hardware Design Department\3 Channel Buck Converter\Design Files\3 Channel Buck Converter\3 Channel Buck Converter Schematic.SchDoc with CAP_10nF_%20_0603_50V_X7R_CER from Main Schematic Library.SchLib
Replace Part U? CAP_22uF_20%_Radial - Can - SMD_25V_ALUM POLY in C:\Users\ogzhn\Desktop\TUSAÞ Staj\TUSAÞ Hardware Design Department\3 Channel Buck Converter\Design Files\3 Channel Buck Converter\3 Channel Buck Converter Schematic.SchDoc with CAP_22uF_20%_Radial - Can - SMD_25V_ALUM POLY from Main Schematic Library.SchLib
Replace Part U? PMIC_TPS65265 in C:\Users\ogzhn\Desktop\TUSAÞ Staj\TUSAÞ Hardware Design Department\3 Channel Buck Converter\Design Files\3 Channel Buck Converter\3 Channel Buck Converter Schematic.SchDoc with PMIC_TPS65265 from Main Schematic Library.SchLib
Replace Part U? CAP_1uF_%10_0603_25V_X7R_CER in C:\Users\ogzhn\Desktop\TUSAÞ Staj\TUSAÞ Hardware Design Department\3 Channel Buck Converter\Design Files\3 Channel Buck Converter\3 Channel Buck Converter Schematic.SchDoc with CAP_1uF_%10_0603_25V_X7R_CER from Main Schematic Library.SchLib
Replace Part U? CAP_22uF_20%_Radial - Can - SMD_25V_ALUM POLY in C:\Users\ogzhn\Desktop\TUSAÞ Staj\TUSAÞ Hardware Design Department\3 Channel Buck Converter\Design Files\3 Channel Buck Converter\3 Channel Buck Converter Schematic.SchDoc with CAP_22uF_20%_Radial - Can - SMD_25V_ALUM POLY from Main Schematic Library.SchLib
Replace Part U? CAP_0.47uF_%10_0603_25V_X7R_CER in C:\Users\ogzhn\Desktop\TUSAÞ Staj\TUSAÞ Hardware Design Department\3 Channel Buck Converter\Design Files\3 Channel Buck Converter\3 Channel Buck Converter Schematic.SchDoc with CAP_0.47uF_%10_0603_25V_X7R_CER from Main Schematic Library.SchLib
Replace Part U? CAP_3.3pF_±0.1pF_0603_50V_NP0_CER in C:\Users\ogzhn\Desktop\TUSAÞ Staj\TUSAÞ Hardware Design Department\3 Channel Buck Converter\Design Files\3 Channel Buck Converter\3 Channel Buck Converter Schematic.SchDoc with CAP_3.3pF_±0.1pF_0603_50V_NP0_CER from Main Schematic Library.SchLib
Replace Part U? CAP_3300pF_0603_50V_X7R_CER in C:\Users\ogzhn\Desktop\TUSAÞ Staj\TUSAÞ Hardware Design Department\3 Channel Buck Converter\Design Files\3 Channel Buck Converter\3 Channel Buck Converter Schematic.SchDoc with CAP_3300pF_0603_50V_X7R_CER from Main Schematic Library.SchLib
Replace Part U? CAP_0.47uF_%10_0603_25V_X7R_CER in C:\Users\ogzhn\Desktop\TUSAÞ Staj\TUSAÞ Hardware Design Department\3 Channel Buck Converter\Design Files\3 Channel Buck Converter\3 Channel Buck Converter Schematic.SchDoc with CAP_0.47uF_%10_0603_25V_X7R_CER from Main Schematic Library.SchLib
Replace Part U? CAP_150pF_%1_0603_50V_NP0_CER in C:\Users\ogzhn\Desktop\TUSAÞ Staj\TUSAÞ Hardware Design Department\3 Channel Buck Converter\Design Files\3 Channel Buck Converter\3 Channel Buck Converter Schematic.SchDoc with CAP_150pF_%1_0603_50V_NP0_CER from Main Schematic Library.SchLib
Replace Part U? CAP_22uF_%10_1206_25V_X5R_CER in C:\Users\ogzhn\Desktop\TUSAÞ Staj\TUSAÞ Hardware Design Department\3 Channel Buck Converter\Design Files\3 Channel Buck Converter\3 Channel Buck Converter Schematic.SchDoc with CAP_22uF_%10_1206_25V_X5R_CER from Main Schematic Library.SchLib
Replace Part U? CAP_22uF_%10_1206_25V_X5R_CER in C:\Users\ogzhn\Desktop\TUSAÞ Staj\TUSAÞ Hardware Design Department\3 Channel Buck Converter\Design Files\3 Channel Buck Converter\3 Channel Buck Converter Schematic.SchDoc with CAP_22uF_%10_1206_25V_X5R_CER from Main Schematic Library.SchLib
Replace Part U? CAP_22uF_%10_1206_25V_X5R_CER in C:\Users\ogzhn\Desktop\TUSAÞ Staj\TUSAÞ Hardware Design Department\3 Channel Buck Converter\Design Files\3 Channel Buck Converter\3 Channel Buck Converter Schematic.SchDoc with CAP_22uF_%10_1206_25V_X5R_CER from Main Schematic Library.SchLib
Replace Part U? CAP_22uF_%10_1206_25V_X5R_CER in C:\Users\ogzhn\Desktop\TUSAÞ Staj\TUSAÞ Hardware Design Department\3 Channel Buck Converter\Design Files\3 Channel Buck Converter\3 Channel Buck Converter Schematic.SchDoc with CAP_22uF_%10_1206_25V_X5R_CER from Main Schematic Library.SchLib
