Removed Pin From Net: NetName=GND Pin=J1-1
Removed Pin From Net: NetName=GND Pin=J1-2
Removed Pin From Net: NetName=RD_N Pin=J1-3
Removed Pin From Net: NetName=3V3 Pin=J1-4
Removed Pin From Net: NetName=RD_P Pin=J1-5
Removed Pin From Net: NetName=GND Pin=J1-6
Removed Pin From Net: NetName=GND Pin=J1-7
Removed Pin From Net: NetName=TD_N Pin=J1-8
Removed Pin From Net: NetName=3V3 Pin=J1-9
Removed Pin From Net: NetName=TD_P Pin=J1-10
Removed Pin From Net: NetName=LED_ACT Pin=J1-11
Removed Pin From Net: NetName=LED_LINK Pin=J1-13
Removed Member From Class: ClassName=Ethernet PHY Member=J1
Added Component: Designator=J?(ARJM11C7-114-BA-EW2_ABR)
Add component (AddParameter): Name = "Category"; Value = "Modular / Ethernet Connectors"; VariantName = "[No Variations]"
Add component (AddParameter): Name = "Color"; Value = "Green,Yellow"; VariantName = "[No Variations]"
Add component (AddParameter): Name = "Connector Type"; Value = "RJ45"; VariantName = "[No Variations]"
Add component (AddParameter): Name = "Contact Plating"; Value = "Gold"; VariantName = "[No Variations]"
Add component (AddParameter): Name = "Direction"; Value = "Up"; VariantName = "[No Variations]"
Add component (AddParameter): Name = "Manufacturer"; Value = "Abracon"; VariantName = "[No Variations]"
Add component (AddParameter): Name = "Manufacturer Part Number"; Value = "ARJM11C7-114-BA-EW2"; VariantName = "[No Variations]"
Add component (AddParameter): Name = "Max Operating Temperature"; Value = "85°C"; VariantName = "[No Variations]"
Add component (AddParameter): Name = "Min Operating Temperature"; Value = "-40°C"; VariantName = "[No Variations]"
Add component (AddParameter): Name = "Mount"; Value = "Through Hole"; VariantName = "[No Variations]"
Add component (AddParameter): Name = "Number of Cores per Jack"; Value = "4"; VariantName = "[No Variations]"
Add component (AddParameter): Name = "Number of Ports"; Value = "1"; VariantName = "[No Variations]"
Add component (AddParameter): Name = "Number of Rows"; Value = "1"; VariantName = "[No Variations]"
Add component (AddParameter): Name = "Packaging"; Value = "Tray"; VariantName = "[No Variations]"
Add component (AddParameter): Name = "Pricing 1"; Value = "1=3,29000, 10=2,98300, 25=2,82560, 40=2,76000, 100=2,62850, 300=2,29993, 500=2,23420, 1000=1,90565, 2400=1,77423 (USD)"; VariantName = "[No Variations]"
Add component (AddParameter): Name = "RoHS"; Value = "Yes"; VariantName = "[No Variations]"
Add component (AddParameter): Name = "RoHS Compliant"; Value = "Yes"; VariantName = "[No Variations]"
Add component (AddParameter): Name = "Shielding"; Value = "Shielded"; VariantName = "[No Variations]"
Add component (AddParameter): Name = "Stock 1"; Value = "66"; VariantName = "[No Variations]"
Add component (AddParameter): Name = "Supplier 1"; Value = "Digi-Key"; VariantName = "[No Variations]"
Add component (AddParameter): Name = "Supplier Part Number 1"; Value = "535-14168-ND"; VariantName = "[No Variations]"
Add component (AddParameter): Name = "Termination"; Value = "Solder"; VariantName = "[No Variations]"
Added Pin To Net: NetName=GND Pin=J?-1
Added Pin To Net: NetName=GND Pin=J?-2
Added Pin To Net: NetName=RD_N Pin=J?-3
Added Pin To Net: NetName=3V3 Pin=J?-4
Added Pin To Net: NetName=RD_P Pin=J?-5
Added Pin To Net: NetName=GND Pin=J?-6
Added Pin To Net: NetName=GND Pin=J?-7
Added Pin To Net: NetName=TD_N Pin=J?-8
Added Pin To Net: NetName=3V3 Pin=J?-9
Added Pin To Net: NetName=TD_P Pin=J?-10
Added Pin To Net: NetName=LED_ACT Pin=J?-11
Added Pin To Net: NetName=LED_LINK Pin=J?-13
Added Pin To Net: NetName=GND Pin=J?-15
Added Pin To Net: NetName=GND Pin=J?-16
Added Pin To Net: NetName=NetJ?_12 Pin=J?-12
Added Pin To Net: NetName=NetJ?_12 Pin=R10-2
Added Net: Name=NetJ?_12
Added Pin To Net: NetName=NetJ?_14 Pin=J?-14
Added Pin To Net: NetName=NetJ?_14 Pin=R8-1
Added Net: Name=NetJ?_14
Added Member To Class: ClassName=Ethernet PHY Member=Component J? ARJM11C7-114-BA-EW2
