Replace Part C55 CAP_100uF_20%_35V_SMD_ALUM in C:\Users\Public\Documents\Altium\Projects\Mixed_Signal_Board_Project\Power Input and Buck Convertors.SchDoc with CAP_100uF_20%_35V_SMD_ALUM from Main Schematic Library.SchLib
Replace Part C56 CAP_100uF_20%_35V_SMD_ALUM in C:\Users\Public\Documents\Altium\Projects\Mixed_Signal_Board_Project\Power Input and Buck Convertors.SchDoc with CAP_100uF_20%_35V_SMD_ALUM from Main Schematic Library.SchLib
Replace Part C57 CAP_100uF_20%_35V_SMD_ALUM in C:\Users\Public\Documents\Altium\Projects\Mixed_Signal_Board_Project\Power Input and Buck Convertors.SchDoc with CAP_100uF_20%_35V_SMD_ALUM from Main Schematic Library.SchLib
Replace Part C58 CAP_100uF_%20_25V_ALUM_SMD in C:\Users\Public\Documents\Altium\Projects\Mixed_Signal_Board_Project\Power Input and Buck Convertors.SchDoc with CAP_100uF_%20_25V_ALUM_SMD from Main Schematic Library.SchLib
Replace Part C59 CAP_330uF_%20_25V_ALUM_SMD in C:\Users\Public\Documents\Altium\Projects\Mixed_Signal_Board_Project\Power Input and Buck Convertors.SchDoc with CAP_330uF_%20_25V_ALUM_SMD from Main Schematic Library.SchLib
Replace Part C60 CAP_10uF_10%_1206_10V_TANT in C:\Users\Public\Documents\Altium\Projects\Mixed_Signal_Board_Project\Power Input and Buck Convertors.SchDoc with CAP_10uF_10%_1206_10V_TANT from Main Schematic Library.SchLib
Replace Part C61 CAP_10uF_10%_1206_10V_TANT in C:\Users\Public\Documents\Altium\Projects\Mixed_Signal_Board_Project\Power Input and Buck Convertors.SchDoc with CAP_10uF_10%_1206_10V_TANT from Main Schematic Library.SchLib
Replace Part C62 CAP_10uF_10%_1206_10V_TANT in C:\Users\Public\Documents\Altium\Projects\Mixed_Signal_Board_Project\Power Input and Buck Convertors.SchDoc with CAP_10uF_10%_1206_10V_TANT from Main Schematic Library.SchLib
Replace Part C63 CAP_10uF_10%_1206_10V_TANT in C:\Users\Public\Documents\Altium\Projects\Mixed_Signal_Board_Project\Power Input and Buck Convertors.SchDoc with CAP_10uF_10%_1206_10V_TANT from Main Schematic Library.SchLib
Replace Part C64 CAP_1uF_%10_25V_0805_X7R_CER in C:\Users\Public\Documents\Altium\Projects\Mixed_Signal_Board_Project\Power Input and Buck Convertors.SchDoc with CAP_1uF_%10_25V_0805_X7R_CER from Main Schematic Library.SchLib
Replace Part C65 CAP_0.1uF_%20_50V_0805_X7R_CER in C:\Users\Public\Documents\Altium\Projects\Mixed_Signal_Board_Project\Power Input and Buck Convertors.SchDoc with CAP_0.1uF_%20_50V_0805_X7R_CER from Main Schematic Library.SchLib
Replace Part C66 CAP_0.1uF_%20_50V_0805_X7R_CER in C:\Users\Public\Documents\Altium\Projects\Mixed_Signal_Board_Project\Power Input and Buck Convertors.SchDoc with CAP_0.1uF_%20_50V_0805_X7R_CER from Main Schematic Library.SchLib
Replace Part C67 CAP_1uF_%10_25V_0805_X7R_CER in C:\Users\Public\Documents\Altium\Projects\Mixed_Signal_Board_Project\Power Input and Buck Convertors.SchDoc with CAP_1uF_%10_25V_0805_X7R_CER from Main Schematic Library.SchLib
Replace Part C68 CAP_1uF_%10_25V_0805_X7R_CER in C:\Users\Public\Documents\Altium\Projects\Mixed_Signal_Board_Project\Power Input and Buck Convertors.SchDoc with CAP_1uF_%10_25V_0805_X7R_CER from Main Schematic Library.SchLib
Replace Part C69 CAP_0.1uF_%20_50V_0805_X7R_CER in C:\Users\Public\Documents\Altium\Projects\Mixed_Signal_Board_Project\Power Input and Buck Convertors.SchDoc with CAP_0.1uF_%20_50V_0805_X7R_CER from Main Schematic Library.SchLib
Replace Part C70 CAP_0.1uF_%20_50V_0805_X7R_CER in C:\Users\Public\Documents\Altium\Projects\Mixed_Signal_Board_Project\Power Input and Buck Convertors.SchDoc with CAP_0.1uF_%20_50V_0805_X7R_CER from Main Schematic Library.SchLib
Replace Part C71 CAP_1uF_%10_25V_0805_X7R_CER in C:\Users\Public\Documents\Altium\Projects\Mixed_Signal_Board_Project\Power Input and Buck Convertors.SchDoc with CAP_1uF_%10_25V_0805_X7R_CER from Main Schematic Library.SchLib
Replace Part D3 DIODE_SCHOTTKY_30V_3A_DO214AC/SMA_SMT in C:\Users\Public\Documents\Altium\Projects\Mixed_Signal_Board_Project\Power Input and Buck Convertors.SchDoc with DIODE_SCHOTTKY_30V_3A_DO214AC/SMA_SMT from Main Schematic Library.SchLib
Replace Part D4 DIODE_SCHOTTKY_60V_3A_DO-214AC/SMA in C:\Users\Public\Documents\Altium\Projects\Mixed_Signal_Board_Project\Power Input and Buck Convertors.SchDoc with DIODE_SCHOTTKY_60V_3A_DO-214AC/SMA from Main Schematic Library.SchLib
Replace Part J10 CON_JACK_POWER_PCB TYPE_2MM_KLS in C:\Users\Public\Documents\Altium\Projects\Mixed_Signal_Board_Project\Power Input and Buck Convertors.SchDoc with CON_JACK_POWER_PCB TYPE_2MM_KLS from Main Schematic Library.SchLib
Replace Part L1 IND_33uH_5A_65mOHM_12X12MM_SMD in C:\Users\Public\Documents\Altium\Projects\Mixed_Signal_Board_Project\Power Input and Buck Convertors.SchDoc with IND_33uH_5A_65mOHM_12X12MM_SMD from Main Schematic Library.SchLib
Replace Part U8 PMIC_LM2596S-5.0/NOPB in C:\Users\Public\Documents\Altium\Projects\Mixed_Signal_Board_Project\Power Input and Buck Convertors.SchDoc with PMIC_LM2596S-5.0/NOPB from Main Schematic Library.SchLib
Replace Part U9 PMIC_LIN REG_LM1085IS-3.3 in C:\Users\Public\Documents\Altium\Projects\Mixed_Signal_Board_Project\Power Input and Buck Convertors.SchDoc with PMIC_LIN REG_LM1085IS-3.3 from Main Schematic Library.SchLib
Replace Part U10 PMIC_LDO_LD1085D2M18R in C:\Users\Public\Documents\Altium\Projects\Mixed_Signal_Board_Project\Power Input and Buck Convertors.SchDoc with PMIC_LDO_LD1085D2M18R from Main Schematic Library.SchLib
