Replace Part C? CAP_2.2uF_%10_25V_0805_X5R_CER in C:\Users\Public\Documents\Altium\Projects\Mixed_Signal_Board_Project\STM32F407 MCU.SchDoc with CAP_2.2uF_%10_25V_0805_X5R_CER from Main Schematic Library.SchLib
Replace Part C? CAP_0.1uF_%20_50V_0805_X7R_CER in C:\Users\Public\Documents\Altium\Projects\Mixed_Signal_Board_Project\STM32F407 MCU.SchDoc with CAP_0.1uF_%20_50V_0805_X7R_CER from Main Schematic Library.SchLib
Replace Part C? CAP_0.1uF_%20_50V_0805_X7R_CER in C:\Users\Public\Documents\Altium\Projects\Mixed_Signal_Board_Project\STM32F407 MCU.SchDoc with CAP_0.1uF_%20_50V_0805_X7R_CER from Main Schematic Library.SchLib
Replace Part C? CAP_4.7uF_%10_0805_25V_X7R_CER in C:\Users\Public\Documents\Altium\Projects\Mixed_Signal_Board_Project\STM32F407 MCU.SchDoc with CAP_4.7uF_%10_0805_25V_X7R_CER from Main Schematic Library.SchLib
Replace Part C? CAP_0.1uF_%20_50V_0805_X7R_CER in C:\Users\Public\Documents\Altium\Projects\Mixed_Signal_Board_Project\STM32F407 MCU.SchDoc with CAP_0.1uF_%20_50V_0805_X7R_CER from Main Schematic Library.SchLib
Replace Part C? CAP_0.1uF_%20_50V_0805_X7R_CER in C:\Users\Public\Documents\Altium\Projects\Mixed_Signal_Board_Project\STM32F407 MCU.SchDoc with CAP_0.1uF_%20_50V_0805_X7R_CER from Main Schematic Library.SchLib
Replace Part C? CAP_1uF_%10_25V_0805_X7R_CER in C:\Users\Public\Documents\Altium\Projects\Mixed_Signal_Board_Project\STM32F407 MCU.SchDoc with CAP_1uF_%10_25V_0805_X7R_CER from Main Schematic Library.SchLib
Replace Part C? CAP_0.1uF_%20_50V_0805_X7R_CER in C:\Users\Public\Documents\Altium\Projects\Mixed_Signal_Board_Project\STM32F407 MCU.SchDoc with CAP_0.1uF_%20_50V_0805_X7R_CER from Main Schematic Library.SchLib
Replace Part C? CAP_0.1uF_%20_50V_0805_X7R_CER in C:\Users\Public\Documents\Altium\Projects\Mixed_Signal_Board_Project\STM32F407 MCU.SchDoc with CAP_0.1uF_%20_50V_0805_X7R_CER from Main Schematic Library.SchLib
Replace Part C? CAP_10pF_%10_0805_50V_C0G/NPO_CER in C:\Users\Public\Documents\Altium\Projects\Mixed_Signal_Board_Project\STM32F407 MCU.SchDoc with CAP_10pF_%10_0805_50V_C0G/NPO_CER from Main Schematic Library.SchLib
Replace Part C? CAP_100nF_50V_0805_C0G_CER in C:\Users\Public\Documents\Altium\Projects\Mixed_Signal_Board_Project\STM32F407 MCU.SchDoc with CAP_100nF_50V_0805_C0G_CER from Main Schematic Library.SchLib
Replace Part C? CAP_2.2uF_%10_25V_0805_X5R_CER in C:\Users\Public\Documents\Altium\Projects\Mixed_Signal_Board_Project\STM32F407 MCU.SchDoc with CAP_2.2uF_%10_25V_0805_X5R_CER from Main Schematic Library.SchLib
Replace Part C? CAP_10pF_%10_0805_50V_C0G/NPO_CER in C:\Users\Public\Documents\Altium\Projects\Mixed_Signal_Board_Project\STM32F407 MCU.SchDoc with CAP_10pF_%10_0805_50V_C0G/NPO_CER from Main Schematic Library.SchLib
Replace Part C? CAP_0.1uF_%20_50V_0805_X7R_CER in C:\Users\Public\Documents\Altium\Projects\Mixed_Signal_Board_Project\STM32F407 MCU.SchDoc with CAP_0.1uF_%20_50V_0805_X7R_CER from Main Schematic Library.SchLib
Replace Part C? CAP_0.1uF_%20_50V_0805_X7R_CER in C:\Users\Public\Documents\Altium\Projects\Mixed_Signal_Board_Project\STM32F407 MCU.SchDoc with CAP_0.1uF_%20_50V_0805_X7R_CER from Main Schematic Library.SchLib
Replace Part C? CAP_1uF_%10_25V_0805_X7R_CER in C:\Users\Public\Documents\Altium\Projects\Mixed_Signal_Board_Project\STM32F407 MCU.SchDoc with CAP_1uF_%10_25V_0805_X7R_CER from Main Schematic Library.SchLib
Replace Part C? CAP_100nF_50V_0805_C0G_CER in C:\Users\Public\Documents\Altium\Projects\Mixed_Signal_Board_Project\STM32F407 MCU.SchDoc with CAP_100nF_50V_0805_C0G_CER from Main Schematic Library.SchLib
Replace Part D? LED_BLUE CLEAR_2SMD/0805 in C:\Users\Public\Documents\Altium\Projects\Mixed_Signal_Board_Project\STM32F407 MCU.SchDoc with LED_BLUE CLEAR_2SMD/0805 from Main Schematic Library.SchLib
Replace Part D? LED_YELLOW CLEAR_2SMD/0805 in C:\Users\Public\Documents\Altium\Projects\Mixed_Signal_Board_Project\STM32F407 MCU.SchDoc with LED_YELLOW CLEAR_2SMD/0805 from Main Schematic Library.SchLib
Replace Part D? LED_RED CLEAR_2SMD/0805 in C:\Users\Public\Documents\Altium\Projects\Mixed_Signal_Board_Project\STM32F407 MCU.SchDoc with LED_RED CLEAR_2SMD/0805 from Main Schematic Library.SchLib
Replace Part D? LED_GREEN CLEAR_2SMD/0805 in C:\Users\Public\Documents\Altium\Projects\Mixed_Signal_Board_Project\STM32F407 MCU.SchDoc with LED_GREEN CLEAR_2SMD/0805 from Main Schematic Library.SchLib
Replace Part FB? FERRITE BEAD_330 OHM_70 mOHM DCR_0805_1LN in C:\Users\Public\Documents\Altium\Projects\Mixed_Signal_Board_Project\STM32F407 MCU.SchDoc with FERRITE BEAD_330 OHM_70 mOHM DCR_0805_1LN from Main Schematic Library.SchLib
Replace Part J? CONN_1X3_2.54mm_Male Header in C:\Users\Public\Documents\Altium\Projects\Mixed_Signal_Board_Project\STM32F407 MCU.SchDoc with CONN_1X3_2.54mm_Male Header from Main Schematic Library.SchLib
Replace Part J? CONN_2X25_2.54mm_Male Header in C:\Users\Public\Documents\Altium\Projects\Mixed_Signal_Board_Project\STM32F407 MCU.SchDoc with CONN_2X25_2.54mm_Male Header from Main Schematic Library.SchLib
Replace Part J? CONN_2X25_2.54mm_Male Header in C:\Users\Public\Documents\Altium\Projects\Mixed_Signal_Board_Project\STM32F407 MCU.SchDoc with CONN_2X25_2.54mm_Male Header from Main Schematic Library.SchLib
Replace Part J? CONN_1X3_2.54mm_Male Header in C:\Users\Public\Documents\Altium\Projects\Mixed_Signal_Board_Project\STM32F407 MCU.SchDoc with CONN_1X3_2.54mm_Male Header from Main Schematic Library.SchLib
Replace Part R? RES_10K OHM_%1_0805_1/8W in C:\Users\Public\Documents\Altium\Projects\Mixed_Signal_Board_Project\STM32F407 MCU.SchDoc with RES_10K OHM_%1_0805_1/8W from Main Schematic Library.SchLib
Replace Part R? RES_10K OHM_%1_0805_1/8W in C:\Users\Public\Documents\Altium\Projects\Mixed_Signal_Board_Project\STM32F407 MCU.SchDoc with RES_10K OHM_%1_0805_1/8W from Main Schematic Library.SchLib
Replace Part R? RES_10K OHM_%1_0805_1/8W in C:\Users\Public\Documents\Altium\Projects\Mixed_Signal_Board_Project\STM32F407 MCU.SchDoc with RES_10K OHM_%1_0805_1/8W from Main Schematic Library.SchLib
Replace Part R? RES_10K OHM_%1_0805_1/8W in C:\Users\Public\Documents\Altium\Projects\Mixed_Signal_Board_Project\STM32F407 MCU.SchDoc with RES_10K OHM_%1_0805_1/8W from Main Schematic Library.SchLib
Replace Part R? RES_10K OHM_%1_0805_1/8W in C:\Users\Public\Documents\Altium\Projects\Mixed_Signal_Board_Project\STM32F407 MCU.SchDoc with RES_10K OHM_%1_0805_1/8W from Main Schematic Library.SchLib
Replace Part R? RES_330 OHM_5%_0805_1/8W in C:\Users\Public\Documents\Altium\Projects\Mixed_Signal_Board_Project\STM32F407 MCU.SchDoc with RES_330 OHM_5%_0805_1/8W from Main Schematic Library.SchLib
Replace Part R? RES_330 OHM_5%_0805_1/8W in C:\Users\Public\Documents\Altium\Projects\Mixed_Signal_Board_Project\STM32F407 MCU.SchDoc with RES_330 OHM_5%_0805_1/8W from Main Schematic Library.SchLib
Replace Part R? RES_330 OHM_5%_0805_1/8W in C:\Users\Public\Documents\Altium\Projects\Mixed_Signal_Board_Project\STM32F407 MCU.SchDoc with RES_330 OHM_5%_0805_1/8W from Main Schematic Library.SchLib
Replace Part R? RES_10K OHM_%1_0805_1/8W in C:\Users\Public\Documents\Altium\Projects\Mixed_Signal_Board_Project\STM32F407 MCU.SchDoc with RES_10K OHM_%1_0805_1/8W from Main Schematic Library.SchLib
Replace Part R? RES_330 OHM_5%_0805_1/8W in C:\Users\Public\Documents\Altium\Projects\Mixed_Signal_Board_Project\STM32F407 MCU.SchDoc with RES_330 OHM_5%_0805_1/8W from Main Schematic Library.SchLib
Replace Part SW? SWITCH_TACTILE_SPST-NO_0.05A_12V in C:\Users\Public\Documents\Altium\Projects\Mixed_Signal_Board_Project\STM32F407 MCU.SchDoc with SWITCH_TACTILE_SPST-NO_0.05A_12V from Main Schematic Library.SchLib
Replace Part SW? SWITCH_TACTILE_SPST-NO_0.05A_12V in C:\Users\Public\Documents\Altium\Projects\Mixed_Signal_Board_Project\STM32F407 MCU.SchDoc with SWITCH_TACTILE_SPST-NO_0.05A_12V from Main Schematic Library.SchLib
Replace Part U? IC_MCU_STM32F407VGT6 in C:\Users\Public\Documents\Altium\Projects\Mixed_Signal_Board_Project\STM32F407 MCU.SchDoc with IC_MCU_STM32F407VGT6 from Main Schematic Library.SchLib
Replace Part Y? CRYSTAL_25.0000MHZ_10PF_SMD in C:\Users\Public\Documents\Altium\Projects\Mixed_Signal_Board_Project\STM32F407 MCU.SchDoc with CRYSTAL_25.0000MHZ_10PF_SMD from Main Schematic Library.SchLib
