Replace Part C? CAP_4.7uF_%10_0805_25V_X7R_CER in C:\Users\Public\Documents\Altium\Projects\Mixed_Signal_Board_Project\STM32F103 MCU.SchDoc with CAP_4.7uF_%10_0805_25V_X7R_CER from Main Schematic Library.SchLib
Replace Part C? CAP_0.1uF_%20_50V_0805_X7R_CER in C:\Users\Public\Documents\Altium\Projects\Mixed_Signal_Board_Project\STM32F103 MCU.SchDoc with CAP_0.1uF_%20_50V_0805_X7R_CER from Main Schematic Library.SchLib
Replace Part C? CAP_0.1uF_%20_50V_0805_X7R_CER in C:\Users\Public\Documents\Altium\Projects\Mixed_Signal_Board_Project\STM32F103 MCU.SchDoc with CAP_0.1uF_%20_50V_0805_X7R_CER from Main Schematic Library.SchLib
Replace Part C? CAP_10nF_%10_50V_0805_X7R_CER in C:\Users\Public\Documents\Altium\Projects\Mixed_Signal_Board_Project\STM32F103 MCU.SchDoc with CAP_10nF_%10_50V_0805_X7R_CER from Main Schematic Library.SchLib
Replace Part C? CAP_20pF_5%_50V_0805_C0G/NP0_CER in C:\Users\Public\Documents\Altium\Projects\Mixed_Signal_Board_Project\STM32F103 MCU.SchDoc with CAP_20pF_5%_50V_0805_C0G/NP0_CER from Main Schematic Library.SchLib
Replace Part C? CAP_100nF_50V_0805_C0G_CER in C:\Users\Public\Documents\Altium\Projects\Mixed_Signal_Board_Project\STM32F103 MCU.SchDoc with CAP_100nF_50V_0805_C0G_CER from Main Schematic Library.SchLib
Replace Part C? CAP_20pF_5%_50V_0805_C0G/NP0_CER in C:\Users\Public\Documents\Altium\Projects\Mixed_Signal_Board_Project\STM32F103 MCU.SchDoc with CAP_20pF_5%_50V_0805_C0G/NP0_CER from Main Schematic Library.SchLib
Replace Part C? CAP_1uF_%10_25V_0805_X7R_CER in C:\Users\Public\Documents\Altium\Projects\Mixed_Signal_Board_Project\STM32F103 MCU.SchDoc with CAP_1uF_%10_25V_0805_X7R_CER from Main Schematic Library.SchLib
Replace Part C? CAP_1uF_%10_25V_0805_X7R_CER in C:\Users\Public\Documents\Altium\Projects\Mixed_Signal_Board_Project\STM32F103 MCU.SchDoc with CAP_1uF_%10_25V_0805_X7R_CER from Main Schematic Library.SchLib
Replace Part C? CAP_10nF_%10_50V_0805_X7R_CER in C:\Users\Public\Documents\Altium\Projects\Mixed_Signal_Board_Project\STM32F103 MCU.SchDoc with CAP_10nF_%10_50V_0805_X7R_CER from Main Schematic Library.SchLib
Replace Part C? CAP_0.1uF_%20_50V_0805_X7R_CER in C:\Users\Public\Documents\Altium\Projects\Mixed_Signal_Board_Project\STM32F103 MCU.SchDoc with CAP_0.1uF_%20_50V_0805_X7R_CER from Main Schematic Library.SchLib
Replace Part D? LED_RED CLEAR_2SMD/0805 in C:\Users\Public\Documents\Altium\Projects\Mixed_Signal_Board_Project\STM32F103 MCU.SchDoc with LED_RED CLEAR_2SMD/0805 from Main Schematic Library.SchLib
Replace Part D? LED_GREEN CLEAR_2SMD/0805 in C:\Users\Public\Documents\Altium\Projects\Mixed_Signal_Board_Project\STM32F103 MCU.SchDoc with LED_GREEN CLEAR_2SMD/0805 from Main Schematic Library.SchLib
Replace Part J? CONN_RCPT_USB-TYPE A_A1HSW6 in C:\Users\Public\Documents\Altium\Projects\Mixed_Signal_Board_Project\STM32F103 MCU.SchDoc with CONN_RCPT_USB-TYPE A_A1HSW6 from Main Schematic Library.SchLib
Replace Part J? CONN_1X6_2.54m_Male Header in C:\Users\Public\Documents\Altium\Projects\Mixed_Signal_Board_Project\STM32F103 MCU.SchDoc with CONN_1X6_2.54m_Male Header from Main Schematic Library.SchLib
Replace Part J? CONN_1X6_2.54m_Male Header in C:\Users\Public\Documents\Altium\Projects\Mixed_Signal_Board_Project\STM32F103 MCU.SchDoc with CONN_1X6_2.54m_Male Header from Main Schematic Library.SchLib
Replace Part R? RES_22 OHM_1%_1/8W_0805 in C:\Users\Public\Documents\Altium\Projects\Mixed_Signal_Board_Project\STM32F103 MCU.SchDoc with RES_22 OHM_1%_1/8W_0805 from Main Schematic Library.SchLib
Replace Part R? RES_0 OHM_JUMPER_0805_1/8W in C:\Users\Public\Documents\Altium\Projects\Mixed_Signal_Board_Project\STM32F103 MCU.SchDoc with RES_0 OHM_JUMPER_0805_1/8W from Main Schematic Library.SchLib
Replace Part R? RES_0 OHM_JUMPER_0805_1/8W in C:\Users\Public\Documents\Altium\Projects\Mixed_Signal_Board_Project\STM32F103 MCU.SchDoc with RES_0 OHM_JUMPER_0805_1/8W from Main Schematic Library.SchLib
Replace Part R? RES_22 OHM_1%_1/8W_0805 in C:\Users\Public\Documents\Altium\Projects\Mixed_Signal_Board_Project\STM32F103 MCU.SchDoc with RES_22 OHM_1%_1/8W_0805 from Main Schematic Library.SchLib
Replace Part R? RES_10K OHM_%1_0805_1/8W in C:\Users\Public\Documents\Altium\Projects\Mixed_Signal_Board_Project\STM32F103 MCU.SchDoc with RES_10K OHM_%1_0805_1/8W from Main Schematic Library.SchLib
Replace Part R? RES_22 OHM_1%_1/8W_0805 in C:\Users\Public\Documents\Altium\Projects\Mixed_Signal_Board_Project\STM32F103 MCU.SchDoc with RES_22 OHM_1%_1/8W_0805 from Main Schematic Library.SchLib
Replace Part R? RES_22 OHM_1%_1/8W_0805 in C:\Users\Public\Documents\Altium\Projects\Mixed_Signal_Board_Project\STM32F103 MCU.SchDoc with RES_22 OHM_1%_1/8W_0805 from Main Schematic Library.SchLib
Replace Part R? RES_22 OHM_1%_1/8W_0805 in C:\Users\Public\Documents\Altium\Projects\Mixed_Signal_Board_Project\STM32F103 MCU.SchDoc with RES_22 OHM_1%_1/8W_0805 from Main Schematic Library.SchLib
Replace Part R? RES_22 OHM_1%_1/8W_0805 in C:\Users\Public\Documents\Altium\Projects\Mixed_Signal_Board_Project\STM32F103 MCU.SchDoc with RES_22 OHM_1%_1/8W_0805 from Main Schematic Library.SchLib
Replace Part R? RES_4.7K OHM_5%_1/8W_0805 in C:\Users\Public\Documents\Altium\Projects\Mixed_Signal_Board_Project\STM32F103 MCU.SchDoc with RES_4.7K OHM_5%_1/8W_0805 from Main Schematic Library.SchLib
Replace Part R? RES_22 OHM_1%_1/8W_0805 in C:\Users\Public\Documents\Altium\Projects\Mixed_Signal_Board_Project\STM32F103 MCU.SchDoc with RES_22 OHM_1%_1/8W_0805 from Main Schematic Library.SchLib
Replace Part R? RES_22 OHM_1%_1/8W_0805 in C:\Users\Public\Documents\Altium\Projects\Mixed_Signal_Board_Project\STM32F103 MCU.SchDoc with RES_22 OHM_1%_1/8W_0805 from Main Schematic Library.SchLib
Replace Part R? RES_100 OHM_1%_0805_1/8W in C:\Users\Public\Documents\Altium\Projects\Mixed_Signal_Board_Project\STM32F103 MCU.SchDoc with RES_100 OHM_1%_0805_1/8W from Main Schematic Library.SchLib
Replace Part R? RES_10K OHM_%1_0805_1/8W in C:\Users\Public\Documents\Altium\Projects\Mixed_Signal_Board_Project\STM32F103 MCU.SchDoc with RES_10K OHM_%1_0805_1/8W from Main Schematic Library.SchLib
Replace Part R? RES_10K OHM_%1_0805_1/8W in C:\Users\Public\Documents\Altium\Projects\Mixed_Signal_Board_Project\STM32F103 MCU.SchDoc with RES_10K OHM_%1_0805_1/8W from Main Schematic Library.SchLib
Replace Part R? RES_22 OHM_1%_1/8W_0805 in C:\Users\Public\Documents\Altium\Projects\Mixed_Signal_Board_Project\STM32F103 MCU.SchDoc with RES_22 OHM_1%_1/8W_0805 from Main Schematic Library.SchLib
Replace Part R? RES_10K OHM_%1_0805_1/8W in C:\Users\Public\Documents\Altium\Projects\Mixed_Signal_Board_Project\STM32F103 MCU.SchDoc with RES_10K OHM_%1_0805_1/8W from Main Schematic Library.SchLib
Replace Part R? RES_10K OHM_%1_0805_1/8W in C:\Users\Public\Documents\Altium\Projects\Mixed_Signal_Board_Project\STM32F103 MCU.SchDoc with RES_10K OHM_%1_0805_1/8W from Main Schematic Library.SchLib
Replace Part R? RES_4.7K OHM_5%_1/8W_0805 in C:\Users\Public\Documents\Altium\Projects\Mixed_Signal_Board_Project\STM32F103 MCU.SchDoc with RES_4.7K OHM_5%_1/8W_0805 from Main Schematic Library.SchLib
Replace Part R? RES_22 OHM_1%_1/8W_0805 in C:\Users\Public\Documents\Altium\Projects\Mixed_Signal_Board_Project\STM32F103 MCU.SchDoc with RES_22 OHM_1%_1/8W_0805 from Main Schematic Library.SchLib
Replace Part R? RES_330 OHM_5%_0805_1/8W in C:\Users\Public\Documents\Altium\Projects\Mixed_Signal_Board_Project\STM32F103 MCU.SchDoc with RES_330 OHM_5%_0805_1/8W from Main Schematic Library.SchLib
Replace Part R? RES_330 OHM_5%_0805_1/8W in C:\Users\Public\Documents\Altium\Projects\Mixed_Signal_Board_Project\STM32F103 MCU.SchDoc with RES_330 OHM_5%_0805_1/8W from Main Schematic Library.SchLib
Replace Part SW? SWITCH_TACTILE_SPST-NO_0.05A_12V in C:\Users\Public\Documents\Altium\Projects\Mixed_Signal_Board_Project\STM32F103 MCU.SchDoc with SWITCH_TACTILE_SPST-NO_0.05A_12V from Main Schematic Library.SchLib
Replace Part U? IC_MCU_STM32F103C8T6 in C:\Users\Public\Documents\Altium\Projects\Mixed_Signal_Board_Project\STM32F103 MCU.SchDoc with IC_MCU_STM32F103C8T6 from Main Schematic Library.SchLib
Replace Part Y? CRYSTAL_8.0000MHZ_16PF_SMD in C:\Users\Public\Documents\Altium\Projects\Mixed_Signal_Board_Project\STM32F103 MCU.SchDoc with CRYSTAL_8.0000MHZ_16PF_SMD from Main Schematic Library.SchLib
