Replace Part C83 CAP_4.7uF_%10_0805_25V_X7R_CER in C:\Users\Public\Documents\Altium\Projects\Mixed_Signal_Board_Project\STM32F407 MCU.SchDoc with CAP_4.7uF_%10_0805_25V_X7R_CER from Main Schematic Library.SchLib
Replace Part C84 CAP_0.1uF_%20_50V_0805_X7R_CER in C:\Users\Public\Documents\Altium\Projects\Mixed_Signal_Board_Project\STM32F407 MCU.SchDoc with CAP_0.1uF_%20_50V_0805_X7R_CER from Main Schematic Library.SchLib
Replace Part C85 CAP_0.1uF_%20_50V_0805_X7R_CER in C:\Users\Public\Documents\Altium\Projects\Mixed_Signal_Board_Project\STM32F407 MCU.SchDoc with CAP_0.1uF_%20_50V_0805_X7R_CER from Main Schematic Library.SchLib
Replace Part C86 CAP_0.1uF_%20_50V_0805_X7R_CER in C:\Users\Public\Documents\Altium\Projects\Mixed_Signal_Board_Project\STM32F407 MCU.SchDoc with CAP_0.1uF_%20_50V_0805_X7R_CER from Main Schematic Library.SchLib
Replace Part C87 CAP_0.1uF_%20_50V_0805_X7R_CER in C:\Users\Public\Documents\Altium\Projects\Mixed_Signal_Board_Project\STM32F407 MCU.SchDoc with CAP_0.1uF_%20_50V_0805_X7R_CER from Main Schematic Library.SchLib
Replace Part C88 CAP_0.1uF_%20_50V_0805_X7R_CER in C:\Users\Public\Documents\Altium\Projects\Mixed_Signal_Board_Project\STM32F407 MCU.SchDoc with CAP_0.1uF_%20_50V_0805_X7R_CER from Main Schematic Library.SchLib
Replace Part C89 CAP_0.1uF_%20_50V_0805_X7R_CER in C:\Users\Public\Documents\Altium\Projects\Mixed_Signal_Board_Project\STM32F407 MCU.SchDoc with CAP_0.1uF_%20_50V_0805_X7R_CER from Main Schematic Library.SchLib
Replace Part C90 CAP_0.1uF_%20_50V_0805_X7R_CER in C:\Users\Public\Documents\Altium\Projects\Mixed_Signal_Board_Project\STM32F407 MCU.SchDoc with CAP_0.1uF_%20_50V_0805_X7R_CER from Main Schematic Library.SchLib
Replace Part C91 CAP_0.1uF_%20_50V_0805_X7R_CER in C:\Users\Public\Documents\Altium\Projects\Mixed_Signal_Board_Project\STM32F407 MCU.SchDoc with CAP_0.1uF_%20_50V_0805_X7R_CER from Main Schematic Library.SchLib
Replace Part C92 CAP_1uF_%10_25V_0805_X7R_CER in C:\Users\Public\Documents\Altium\Projects\Mixed_Signal_Board_Project\STM32F407 MCU.SchDoc with CAP_1uF_%10_25V_0805_X7R_CER from Main Schematic Library.SchLib
Replace Part C93 CAP_1uF_%10_25V_0805_X7R_CER in C:\Users\Public\Documents\Altium\Projects\Mixed_Signal_Board_Project\STM32F407 MCU.SchDoc with CAP_1uF_%10_25V_0805_X7R_CER from Main Schematic Library.SchLib
Replace Part C94 CAP_10pF_%10_0805_50V_C0G/NPO_CER in C:\Users\Public\Documents\Altium\Projects\Mixed_Signal_Board_Project\STM32F407 MCU.SchDoc with CAP_10pF_%10_0805_50V_C0G/NPO_CER from Main Schematic Library.SchLib
Replace Part C95 CAP_100nF_50V_0805_C0G_CER in C:\Users\Public\Documents\Altium\Projects\Mixed_Signal_Board_Project\STM32F407 MCU.SchDoc with CAP_100nF_50V_0805_C0G_CER from Main Schematic Library.SchLib
Replace Part C96 CAP_10pF_%10_0805_50V_C0G/NPO_CER in C:\Users\Public\Documents\Altium\Projects\Mixed_Signal_Board_Project\STM32F407 MCU.SchDoc with CAP_10pF_%10_0805_50V_C0G/NPO_CER from Main Schematic Library.SchLib
Replace Part C97 CAP_100nF_50V_0805_C0G_CER in C:\Users\Public\Documents\Altium\Projects\Mixed_Signal_Board_Project\STM32F407 MCU.SchDoc with CAP_100nF_50V_0805_C0G_CER from Main Schematic Library.SchLib
Replace Part C98 CAP_2.2uF_%10_25V_0805_X5R_CER in C:\Users\Public\Documents\Altium\Projects\Mixed_Signal_Board_Project\STM32F407 MCU.SchDoc with CAP_2.2uF_%10_25V_0805_X5R_CER from Main Schematic Library.SchLib
Replace Part C99 CAP_2.2uF_%10_25V_0805_X5R_CER in C:\Users\Public\Documents\Altium\Projects\Mixed_Signal_Board_Project\STM32F407 MCU.SchDoc with CAP_2.2uF_%10_25V_0805_X5R_CER from Main Schematic Library.SchLib
Replace Part D7 LED_BLUE CLEAR_2SMD/0805 in C:\Users\Public\Documents\Altium\Projects\Mixed_Signal_Board_Project\STM32F407 MCU.SchDoc with LED_BLUE CLEAR_2SMD/0805 from Main Schematic Library.SchLib
Replace Part D8 LED_GREEN CLEAR_2SMD/0805 in C:\Users\Public\Documents\Altium\Projects\Mixed_Signal_Board_Project\STM32F407 MCU.SchDoc with LED_GREEN CLEAR_2SMD/0805 from Main Schematic Library.SchLib
Replace Part D9 LED_RED CLEAR_2SMD/0805 in C:\Users\Public\Documents\Altium\Projects\Mixed_Signal_Board_Project\STM32F407 MCU.SchDoc with LED_RED CLEAR_2SMD/0805 from Main Schematic Library.SchLib
Replace Part D10 LED_YELLOW CLEAR_2SMD/0805 in C:\Users\Public\Documents\Altium\Projects\Mixed_Signal_Board_Project\STM32F407 MCU.SchDoc with LED_YELLOW CLEAR_2SMD/0805 from Main Schematic Library.SchLib
Replace Part FB2 FERRITE BEAD_330 OHM_70 mOHM DCR_0805_1LN in C:\Users\Public\Documents\Altium\Projects\Mixed_Signal_Board_Project\STM32F407 MCU.SchDoc with FERRITE BEAD_330 OHM_70 mOHM DCR_0805_1LN from Main Schematic Library.SchLib
Replace Part J14 CONN_2X25_2.54mm_Male Header in C:\Users\Public\Documents\Altium\Projects\Mixed_Signal_Board_Project\STM32F407 MCU.SchDoc with CONN_2X25_2.54mm_Male Header from Main Schematic Library.SchLib
Replace Part J15 CONN_2X25_2.54mm_Male Header in C:\Users\Public\Documents\Altium\Projects\Mixed_Signal_Board_Project\STM32F407 MCU.SchDoc with CONN_2X25_2.54mm_Male Header from Main Schematic Library.SchLib
Replace Part J16 CONN_1X3_2.54mm_Male Header in C:\Users\Public\Documents\Altium\Projects\Mixed_Signal_Board_Project\STM32F407 MCU.SchDoc with CONN_1X3_2.54mm_Male Header from Main Schematic Library.SchLib
Replace Part J17 CONN_1X3_2.54mm_Male Header in C:\Users\Public\Documents\Altium\Projects\Mixed_Signal_Board_Project\STM32F407 MCU.SchDoc with CONN_1X3_2.54mm_Male Header from Main Schematic Library.SchLib
Replace Part R59 RES_10K OHM_%1_0805_1/8W in C:\Users\Public\Documents\Altium\Projects\Mixed_Signal_Board_Project\STM32F407 MCU.SchDoc with RES_10K OHM_%1_0805_1/8W from Main Schematic Library.SchLib
Replace Part R60 RES_10K OHM_%1_0805_1/8W in C:\Users\Public\Documents\Altium\Projects\Mixed_Signal_Board_Project\STM32F407 MCU.SchDoc with RES_10K OHM_%1_0805_1/8W from Main Schematic Library.SchLib
Replace Part R61 RES_330 OHM_5%_0805_1/8W in C:\Users\Public\Documents\Altium\Projects\Mixed_Signal_Board_Project\STM32F407 MCU.SchDoc with RES_330 OHM_5%_0805_1/8W from Main Schematic Library.SchLib
Replace Part R62 RES_330 OHM_5%_0805_1/8W in C:\Users\Public\Documents\Altium\Projects\Mixed_Signal_Board_Project\STM32F407 MCU.SchDoc with RES_330 OHM_5%_0805_1/8W from Main Schematic Library.SchLib
Replace Part R63 RES_330 OHM_5%_0805_1/8W in C:\Users\Public\Documents\Altium\Projects\Mixed_Signal_Board_Project\STM32F407 MCU.SchDoc with RES_330 OHM_5%_0805_1/8W from Main Schematic Library.SchLib
Replace Part R64 RES_330 OHM_5%_0805_1/8W in C:\Users\Public\Documents\Altium\Projects\Mixed_Signal_Board_Project\STM32F407 MCU.SchDoc with RES_330 OHM_5%_0805_1/8W from Main Schematic Library.SchLib
Replace Part R65 RES_10K OHM_%1_0805_1/8W in C:\Users\Public\Documents\Altium\Projects\Mixed_Signal_Board_Project\STM32F407 MCU.SchDoc with RES_10K OHM_%1_0805_1/8W from Main Schematic Library.SchLib
Replace Part R66 RES_10K OHM_%1_0805_1/8W in C:\Users\Public\Documents\Altium\Projects\Mixed_Signal_Board_Project\STM32F407 MCU.SchDoc with RES_10K OHM_%1_0805_1/8W from Main Schematic Library.SchLib
Replace Part R67 RES_10K OHM_%1_0805_1/8W in C:\Users\Public\Documents\Altium\Projects\Mixed_Signal_Board_Project\STM32F407 MCU.SchDoc with RES_10K OHM_%1_0805_1/8W from Main Schematic Library.SchLib
Replace Part R68 RES_10K OHM_%1_0805_1/8W in C:\Users\Public\Documents\Altium\Projects\Mixed_Signal_Board_Project\STM32F407 MCU.SchDoc with RES_10K OHM_%1_0805_1/8W from Main Schematic Library.SchLib
Replace Part SW3 SWITCH_TACTILE_SPST-NO_0.05A_12V in C:\Users\Public\Documents\Altium\Projects\Mixed_Signal_Board_Project\STM32F407 MCU.SchDoc with SWITCH_TACTILE_SPST-NO_0.05A_12V from Main Schematic Library.SchLib
Replace Part SW4 SWITCH_TACTILE_SPST-NO_0.05A_12V in C:\Users\Public\Documents\Altium\Projects\Mixed_Signal_Board_Project\STM32F407 MCU.SchDoc with SWITCH_TACTILE_SPST-NO_0.05A_12V from Main Schematic Library.SchLib
Replace Part U12 IC_MCU_STM32F407VGT6 in C:\Users\Public\Documents\Altium\Projects\Mixed_Signal_Board_Project\STM32F407 MCU.SchDoc with IC_MCU_STM32F407VGT6 from Main Schematic Library.SchLib
Replace Part X2 CRYSTAL_25.0000MHZ_10PF_SMD in C:\Users\Public\Documents\Altium\Projects\Mixed_Signal_Board_Project\STM32F407 MCU.SchDoc with CRYSTAL_25.0000MHZ_10PF_SMD from Main Schematic Library.SchLib
